[2023-10-10 17:48:47] Server     INFO  Apache Jena Fuseki 4.6.1
[2023-10-10 17:48:47] Server     INFO  Configuration file: ../.fuseki.ttl
[2023-10-10 17:48:47] Server     INFO  Path = /tutorial2
[2023-10-10 17:48:47] Server     INFO  System
[2023-10-10 17:48:47] Server     INFO    Memory: 966.0 MiB
[2023-10-10 17:48:47] Server     INFO    Java:   17.0.8.1
[2023-10-10 17:48:47] Server     INFO    OS:     Linux 6.1.43-1.qubes.fc32.x86_64 amd64
[2023-10-10 17:48:47] Server     INFO    PID:    3163
[2023-10-10 17:48:47] Server     INFO  Start Fuseki (http=3030)
[2023-10-10 18:02:52] Fuseki     INFO  [1] GET http://localhost:3030/tutorial2
[2023-10-10 18:02:52] Fuseki     INFO  [1] 200 OK (71 ms)
[2023-10-10 18:02:52] Fuseki     INFO  [2] POST http://localhost:3030/tutorial2?graph=http://example.com/tutorial2/description/bundle
[2023-10-10 18:02:52] Fuseki     INFO  [2] Body: Content-Length=928, Content-Type=application/rdf+xml, Charset=null => RDF/XML : Count=3 Triples=3 Quads=0
[2023-10-10 18:02:52] Fuseki     INFO  [2] 201 Created (150 ms)
[2023-10-10 18:02:52] Fuseki     INFO  [3] POST http://localhost:3030/tutorial2?graph=http://example.com/tutorial2/description/bundle/individuals
[2023-10-10 18:02:52] Fuseki     INFO  [3] Body: Content-Length=7991, Content-Type=text/turtle, Charset=null => Turtle : Count=83 Triples=83 Quads=0
[2023-10-10 18:02:52] Fuseki     INFO  [3] 201 Created (75 ms)
[2023-10-10 18:02:52] Fuseki     INFO  [4] POST http://localhost:3030/tutorial2?graph=http://example.com/tutorial2/vocabulary/base
[2023-10-10 18:02:52] Fuseki     INFO  [4] Body: Content-Length=10529, Content-Type=application/rdf+xml, Charset=null => RDF/XML : Count=80 Triples=80 Quads=0
[2023-10-10 18:02:52] Fuseki     INFO  [4] 201 Created (45 ms)
[2023-10-10 18:02:52] Fuseki     INFO  [5] POST http://localhost:3030/tutorial2?graph=http://example.com/tutorial2/description/bundle/classes
[2023-10-10 18:02:52] Fuseki     INFO  [5] Body: Content-Length=2300, Content-Type=text/turtle, Charset=null => Turtle : Count=28 Triples=28 Quads=0
[2023-10-10 18:02:52] Fuseki     INFO  [5] 201 Created (16 ms)
[2023-10-10 18:02:52] Fuseki     INFO  [6] POST http://localhost:3030/tutorial2?graph=http://example.com/tutorial2/description/objectives
[2023-10-10 18:02:52] Fuseki     INFO  [6] Body: Content-Length=6586, Content-Type=application/rdf+xml, Charset=null => RDF/XML : Count=41 Triples=41 Quads=0
[2023-10-10 18:02:52] Fuseki     INFO  [6] 201 Created (21 ms)
[2023-10-10 18:02:52] Fuseki     INFO  [7] POST http://localhost:3030/tutorial2?graph=http://example.com/tutorial2/vocabulary/mission
[2023-10-10 18:02:52] Fuseki     INFO  [7] Body: Content-Length=2432, Content-Type=application/rdf+xml, Charset=null => RDF/XML : Count=16 Triples=16 Quads=0
[2023-10-10 18:02:52] Fuseki     INFO  [7] 201 Created (16 ms)
[2023-10-10 18:02:52] Fuseki     INFO  [8] POST http://localhost:3030/tutorial2?graph=http://example.com/tutorial2/description/bundle/properties
[2023-10-10 18:02:52] Fuseki     INFO  [8] Body: Content-Length=2532, Content-Type=text/turtle, Charset=null => Turtle : Count=30 Triples=30 Quads=0
[2023-10-10 18:02:52] Fuseki     INFO  [8] 201 Created (13 ms)
[2023-10-10 18:02:52] Fuseki     INFO  [9] GET http://localhost:3030/tutorial2/sparql?query=PREFIX%20%20mission:%20%3Chttp://example.com/tutorial2/vocabulary/mission%23%3E%0APREFIX%20%20base:%20%3Chttp://example.com/tutorial2/vocabulary/base%23%3E%0A%0ASELECT%20DISTINCT%20%20?o1_id%20?o1_name%20?o2_id%20?o2_name%0AWHERE%0A%20%20%7B%20?o1%20%20%20a%20%20%20%20%20%20%20%20%20%20%20%20%20%20%20%20%20%20%20%20%20mission:Objective%20%3B%0A%20%20%20%20%20%20%20%20%20%20base:hasIdentifier%20%20%20%20?o1_id%20%3B%0A%20%20%20%20%20%20%20%20%20%20base:hasCanonicalName%20%20?o1_name%20%3B%0A%20%20%20%20%20%20%20%20%20%20base:aggregates%20%20%20%20%20%20%20_:b0%20.%0A%20%20%20%20_:b0%20%20base:hasIdentifier%20%20%20%20?o2_id%20%3B%0A%20%20%20%20%20%20%20%20%20%20base:hasCanonicalName%20%20?o2_name%0A%20%20%7D%0AORDER%20BY%20?o1_id%20?o2_id%0A
[2023-10-10 18:02:52] Fuseki     INFO  [9] Query = PREFIX  mission: <http://example.com/tutorial2/vocabulary/mission#> PREFIX  base: <http://example.com/tutorial2/vocabulary/base#>  SELECT DISTINCT  ?o1_id ?o1_name ?o2_id ?o2_name WHERE   { ?o1   a                     mission:Objective ;           base:hasIdentifier    ?o1_id ;           base:hasCanonicalName  ?o1_name ;           base:aggregates       _:b0 .     _:b0  base:hasIdentifier    ?o2_id ;           base:hasCanonicalName  ?o2_name   } ORDER BY ?o1_id ?o2_id 
[2023-10-10 18:02:53] Fuseki     INFO  [9] 200 OK (99 ms)
[2023-10-10 18:07:59] Fuseki     INFO  [10] GET http://localhost:3030/tutorial2
[2023-10-10 18:07:59] Fuseki     INFO  [10] 200 OK (67 ms)
[2023-10-10 18:07:59] Fuseki     INFO  [11] DELETE http://localhost:3030/tutorial2?graph=http://example.com/tutorial2/description/bundle/properties
[2023-10-10 18:07:59] Fuseki     INFO  [11] 204 No Content (4 ms)
[2023-10-10 18:07:59] Fuseki     INFO  [12] DELETE http://localhost:3030/tutorial2?graph=http://example.com/tutorial2/vocabulary/mission
[2023-10-10 18:07:59] Fuseki     INFO  [12] 204 No Content (2 ms)
[2023-10-10 18:07:59] Fuseki     INFO  [13] DELETE http://localhost:3030/tutorial2?graph=http://example.com/tutorial2/description/objectives
[2023-10-10 18:07:59] Fuseki     INFO  [13] 204 No Content (2 ms)
[2023-10-10 18:07:59] Fuseki     INFO  [14] DELETE http://localhost:3030/tutorial2?graph=http://example.com/tutorial2/description/bundle/individuals
[2023-10-10 18:07:59] Fuseki     INFO  [14] 204 No Content (3 ms)
[2023-10-10 18:07:59] Fuseki     INFO  [15] DELETE http://localhost:3030/tutorial2?graph=http://example.com/tutorial2/description/bundle/classes
[2023-10-10 18:07:59] Fuseki     INFO  [15] 204 No Content (3 ms)
[2023-10-10 18:07:59] Fuseki     INFO  [16] DELETE http://localhost:3030/tutorial2?graph=http://example.com/tutorial2/description/bundle
[2023-10-10 18:07:59] Fuseki     INFO  [16] 204 No Content (1 ms)
[2023-10-10 18:07:59] Fuseki     INFO  [17] DELETE http://localhost:3030/tutorial2?graph=http://example.com/tutorial2/vocabulary/base
[2023-10-10 18:07:59] Fuseki     INFO  [17] 204 No Content (2 ms)
[2023-10-10 18:07:59] Fuseki     INFO  [18] POST http://localhost:3030/tutorial2?graph=http://example.com/tutorial2/description/bundle/individuals
[2023-10-10 18:07:59] Fuseki     INFO  [18] Body: Content-Length=10511, Content-Type=text/turtle, Charset=null => Turtle : Count=109 Triples=109 Quads=0
[2023-10-10 18:07:59] Fuseki     INFO  [18] 201 Created (15 ms)
[2023-10-10 18:07:59] Fuseki     INFO  [19] POST http://localhost:3030/tutorial2?graph=http://example.com/tutorial2/description/objectives
[2023-10-10 18:07:59] Fuseki     INFO  [19] Body: Content-Length=6586, Content-Type=application/rdf+xml, Charset=null => RDF/XML : Count=41 Triples=41 Quads=0
[2023-10-10 18:07:59] Fuseki     INFO  [19] 201 Created (16 ms)
[2023-10-10 18:07:59] Fuseki     INFO  [20] POST http://localhost:3030/tutorial2?graph=http://example.com/tutorial2/description/missions
[2023-10-10 18:07:59] Fuseki     INFO  [20] Body: Content-Length=3954, Content-Type=application/rdf+xml, Charset=null => RDF/XML : Count=21 Triples=21 Quads=0
[2023-10-10 18:07:59] Fuseki     INFO  [20] 201 Created (8 ms)
[2023-10-10 18:07:59] Fuseki     INFO  [21] POST http://localhost:3030/tutorial2?graph=http://example.com/tutorial2/vocabulary/mission
[2023-10-10 18:07:59] Fuseki     INFO  [21] Body: Content-Length=8875, Content-Type=application/rdf+xml, Charset=null => RDF/XML : Count=70 Triples=70 Quads=0
[2023-10-10 18:07:59] Fuseki     INFO  [21] 201 Created (17 ms)
[2023-10-10 18:07:59] Fuseki     INFO  [22] POST http://localhost:3030/tutorial2?graph=http://example.com/tutorial2/description/bundle
[2023-10-10 18:07:59] Fuseki     INFO  [22] Body: Content-Length=1016, Content-Type=application/rdf+xml, Charset=null => RDF/XML : Count=4 Triples=4 Quads=0
[2023-10-10 18:07:59] Fuseki     INFO  [22] 201 Created (6 ms)
[2023-10-10 18:07:59] Fuseki     INFO  [23] POST http://localhost:3030/tutorial2?graph=http://example.com/tutorial2/description/bundle/classes
[2023-10-10 18:07:59] Fuseki     INFO  [23] Body: Content-Length=2927, Content-Type=text/turtle, Charset=null => Turtle : Count=35 Triples=35 Quads=0
[2023-10-10 18:07:59] Fuseki     INFO  [23] 201 Created (24 ms)
[2023-10-10 18:07:59] Fuseki     INFO  [24] POST http://localhost:3030/tutorial2?graph=http://example.com/tutorial2/description/bundle/properties
[2023-10-10 18:07:59] Fuseki     INFO  [24] Body: Content-Length=3290, Content-Type=text/turtle, Charset=null => Turtle : Count=38 Triples=38 Quads=0
[2023-10-10 18:07:59] Fuseki     INFO  [24] 201 Created (14 ms)
[2023-10-10 18:07:59] Fuseki     INFO  [25] POST http://localhost:3030/tutorial2?graph=http://example.com/tutorial2/vocabulary/base
[2023-10-10 18:07:59] Fuseki     INFO  [25] Body: Content-Length=10529, Content-Type=application/rdf+xml, Charset=null => RDF/XML : Count=80 Triples=80 Quads=0
[2023-10-10 18:07:59] Fuseki     INFO  [25] 201 Created (24 ms)
[2023-10-10 18:07:59] Fuseki     INFO  [26] GET http://localhost:3030/tutorial2/sparql?query=PREFIX%20%20mission:%20%3Chttp://example.com/tutorial2/vocabulary/mission%23%3E%0APREFIX%20%20base:%20%3Chttp://example.com/tutorial2/vocabulary/base%23%3E%0A%0ASELECT%20DISTINCT%20%20?m_id%20?m_name%20?o_id%20?o_name%0AWHERE%0A%20%20%7B%20?m%20%20%20%20a%20%20%20%20%20%20%20%20%20%20%20%20%20%20%20%20%20%20%20%20%20mission:Mission%20%3B%0A%20%20%20%20%20%20%20%20%20%20base:hasIdentifier%20%20%20%20?m_id%20%3B%0A%20%20%20%20%20%20%20%20%20%20base:hasCanonicalName%20%20?m_name%20%3B%0A%20%20%20%20%20%20%20%20%20%20mission:pursues%20%20%20%20%20%20%20_:b0%20.%0A%20%20%20%20_:b0%20%20a%20%20%20%20%20%20%20%20%20%20%20%20%20%20%20%20%20%20%20%20%20mission:Objective%20%3B%0A%20%20%20%20%20%20%20%20%20%20base:hasIdentifier%20%20%20%20?o_id%20%3B%0A%20%20%20%20%20%20%20%20%20%20base:hasCanonicalName%20%20?o_name%0A%20%20%7D%0AORDER%20BY%20?m_id%20?o_id%0A
[2023-10-10 18:07:59] Fuseki     INFO  [26] Query = PREFIX  mission: <http://example.com/tutorial2/vocabulary/mission#> PREFIX  base: <http://example.com/tutorial2/vocabulary/base#>  SELECT DISTINCT  ?m_id ?m_name ?o_id ?o_name WHERE   { ?m    a                     mission:Mission ;           base:hasIdentifier    ?m_id ;           base:hasCanonicalName  ?m_name ;           mission:pursues       _:b0 .     _:b0  a                     mission:Objective ;           base:hasIdentifier    ?o_id ;           base:hasCanonicalName  ?o_name   } ORDER BY ?m_id ?o_id 
[2023-10-10 18:07:59] Fuseki     INFO  [26] 200 OK (9 ms)
[2023-10-10 18:07:59] Fuseki     INFO  [27] GET http://localhost:3030/tutorial2/sparql?query=PREFIX%20%20mission:%20%3Chttp://example.com/tutorial2/vocabulary/mission%23%3E%0APREFIX%20%20base:%20%3Chttp://example.com/tutorial2/vocabulary/base%23%3E%0A%0ASELECT%20DISTINCT%20%20?o1_id%20?o1_name%20?o2_id%20?o2_name%0AWHERE%0A%20%20%7B%20?o1%20%20%20a%20%20%20%20%20%20%20%20%20%20%20%20%20%20%20%20%20%20%20%20%20mission:Objective%20%3B%0A%20%20%20%20%20%20%20%20%20%20base:hasIdentifier%20%20%20%20?o1_id%20%3B%0A%20%20%20%20%20%20%20%20%20%20base:hasCanonicalName%20%20?o1_name%20%3B%0A%20%20%20%20%20%20%20%20%20%20base:aggregates%20%20%20%20%20%20%20_:b0%20.%0A%20%20%20%20_:b0%20%20base:hasIdentifier%20%20%20%20?o2_id%20%3B%0A%20%20%20%20%20%20%20%20%20%20base:hasCanonicalName%20%20?o2_name%0A%20%20%7D%0AORDER%20BY%20?o1_id%20?o2_id%0A
[2023-10-10 18:07:59] Fuseki     INFO  [27] Query = PREFIX  mission: <http://example.com/tutorial2/vocabulary/mission#> PREFIX  base: <http://example.com/tutorial2/vocabulary/base#>  SELECT DISTINCT  ?o1_id ?o1_name ?o2_id ?o2_name WHERE   { ?o1   a                     mission:Objective ;           base:hasIdentifier    ?o1_id ;           base:hasCanonicalName  ?o1_name ;           base:aggregates       _:b0 .     _:b0  base:hasIdentifier    ?o2_id ;           base:hasCanonicalName  ?o2_name   } ORDER BY ?o1_id ?o2_id 
[2023-10-10 18:07:59] Fuseki     INFO  [27] 200 OK (7 ms)
[2023-10-10 18:21:45] Fuseki     INFO  [28] GET http://localhost:3030/tutorial2
[2023-10-10 18:21:45] Fuseki     INFO  [28] 200 OK (38 ms)
[2023-10-10 18:21:45] Fuseki     INFO  [29] DELETE http://localhost:3030/tutorial2?graph=http://example.com/tutorial2/description/bundle/properties
[2023-10-10 18:21:45] Fuseki     INFO  [29] 204 No Content (11 ms)
[2023-10-10 18:21:45] Fuseki     INFO  [30] DELETE http://localhost:3030/tutorial2?graph=http://example.com/tutorial2/vocabulary/mission
[2023-10-10 18:21:45] Fuseki     INFO  [30] 204 No Content (13 ms)
[2023-10-10 18:21:45] Fuseki     INFO  [31] DELETE http://localhost:3030/tutorial2?graph=http://example.com/tutorial2/description/objectives
[2023-10-10 18:21:45] Fuseki     INFO  [31] 204 No Content (5 ms)
[2023-10-10 18:21:45] Fuseki     INFO  [32] DELETE http://localhost:3030/tutorial2?graph=http://example.com/tutorial2/description/bundle/individuals
[2023-10-10 18:21:45] Fuseki     INFO  [32] 204 No Content (10 ms)
[2023-10-10 18:21:45] Fuseki     INFO  [33] DELETE http://localhost:3030/tutorial2?graph=http://example.com/tutorial2/description/bundle/classes
[2023-10-10 18:21:45] Fuseki     INFO  [33] 204 No Content (5 ms)
[2023-10-10 18:21:45] Fuseki     INFO  [34] DELETE http://localhost:3030/tutorial2?graph=http://example.com/tutorial2/description/missions
[2023-10-10 18:21:45] Fuseki     INFO  [34] 204 No Content (2 ms)
[2023-10-10 18:21:45] Fuseki     INFO  [35] DELETE http://localhost:3030/tutorial2?graph=http://example.com/tutorial2/description/bundle
[2023-10-10 18:21:45] Fuseki     INFO  [35] 204 No Content (3 ms)
[2023-10-10 18:21:45] Fuseki     INFO  [36] DELETE http://localhost:3030/tutorial2?graph=http://example.com/tutorial2/vocabulary/base
[2023-10-10 18:21:45] Fuseki     INFO  [36] 204 No Content (5 ms)
[2023-10-10 18:21:46] Fuseki     INFO  [37] POST http://localhost:3030/tutorial2?graph=http://iso.org/iso-80000-1
[2023-10-10 18:21:46] Fuseki     INFO  [37] Body: Content-Length=11534, Content-Type=application/rdf+xml, Charset=null => RDF/XML : Count=124 Triples=124 Quads=0
[2023-10-10 18:21:46] Fuseki     INFO  [37] 201 Created (48 ms)
[2023-10-10 18:21:46] Fuseki     INFO  [38] POST http://localhost:3030/tutorial2?graph=http://bipm.org/jcgm/vim4
[2023-10-10 18:21:46] Fuseki     INFO  [38] Body: Content-Length=187945, Content-Type=application/rdf+xml, Charset=null => RDF/XML : Count=1807 Triples=1807 Quads=0
[2023-10-10 18:21:46] Fuseki     INFO  [38] 201 Created (241 ms)
[2023-10-10 18:21:46] Fuseki     INFO  [39] POST http://localhost:3030/tutorial2?graph=http://example.com/tutorial2/description/masses
[2023-10-10 18:21:46] Fuseki     INFO  [39] Body: Content-Length=13629, Content-Type=application/rdf+xml, Charset=null => RDF/XML : Count=67 Triples=67 Quads=0
[2023-10-10 18:21:46] Fuseki     INFO  [39] 201 Created (40 ms)
[2023-10-10 18:21:46] Fuseki     INFO  [40] POST http://localhost:3030/tutorial2?graph=http://example.com/tutorial2/description/bundle
[2023-10-10 18:21:46] Fuseki     INFO  [40] Body: Content-Length=189964, Content-Type=application/rdf+xml, Charset=null => RDF/XML : Count=1933 Triples=1933 Quads=0
[2023-10-10 18:21:46] Fuseki     INFO  [40] 201 Created (208 ms)
[2023-10-10 18:21:46] Fuseki     INFO  [41] POST http://localhost:3030/tutorial2?graph=http://example.com/tutorial2/description/bundle/properties
[2023-10-10 18:21:46] Fuseki     INFO  [41] Body: Content-Length=17257, Content-Type=text/turtle, Charset=null => Turtle : Count=227 Triples=227 Quads=0
[2023-10-10 18:21:46] Fuseki     INFO  [41] 201 Created (28 ms)
[2023-10-10 18:21:46] Fuseki     INFO  [42] POST http://localhost:3030/tutorial2?graph=http://example.com/tutorial2/vocabulary/base
[2023-10-10 18:21:46] Fuseki     INFO  [42] Body: Content-Length=16152, Content-Type=application/rdf+xml, Charset=null => RDF/XML : Count=132 Triples=132 Quads=0
[2023-10-10 18:21:46] Fuseki     INFO  [42] 201 Created (19 ms)
[2023-10-10 18:21:46] Fuseki     INFO  [43] POST http://localhost:3030/tutorial2?graph=http://example.com/tutorial2/description/components
[2023-10-10 18:21:46] Fuseki     INFO  [43] Body: Content-Length=11031, Content-Type=application/rdf+xml, Charset=null => RDF/XML : Count=80 Triples=80 Quads=0
[2023-10-10 18:21:46] Fuseki     INFO  [43] 201 Created (19 ms)
[2023-10-10 18:21:46] Fuseki     INFO  [44] POST http://localhost:3030/tutorial2?graph=http://example.com/tutorial2/description/bundle/individuals
[2023-10-10 18:21:46] Fuseki     INFO  [44] Body: Content-Length=113175, Content-Type=text/turtle, Charset=null => Turtle : Count=1373 Triples=1373 Quads=0
[2023-10-10 18:21:46] Fuseki     INFO  [44] 201 Created (80 ms)
[2023-10-10 18:21:46] Fuseki     INFO  [45] POST http://localhost:3030/tutorial2?graph=http://example.com/tutorial2/description/bundle/classes
[2023-10-10 18:21:46] Fuseki     INFO  [45] Body: Content-Length=23205, Content-Type=text/turtle, Charset=null => Turtle : Count=339 Triples=339 Quads=0
[2023-10-10 18:21:46] Fuseki     INFO  [45] 201 Created (25 ms)
[2023-10-10 18:21:46] Fuseki     INFO  [46] POST http://localhost:3030/tutorial2?graph=http://example.com/tutorial2/vocabulary/mission
[2023-10-10 18:21:46] Fuseki     INFO  [46] Body: Content-Length=15198, Content-Type=application/rdf+xml, Charset=null => RDF/XML : Count=131 Triples=131 Quads=0
[2023-10-10 18:21:46] Fuseki     INFO  [46] 201 Created (18 ms)
[2023-10-10 18:21:46] Fuseki     INFO  [47] POST http://localhost:3030/tutorial2?graph=http://iso.org/iso-1087-1
[2023-10-10 18:21:46] Fuseki     INFO  [47] Body: Content-Length=8160, Content-Type=application/rdf+xml, Charset=null => RDF/XML : Count=63 Triples=63 Quads=0
[2023-10-10 18:21:46] Fuseki     INFO  [47] 201 Created (12 ms)
[2023-10-10 18:21:46] Fuseki     INFO  [48] POST http://localhost:3030/tutorial2?graph=http://purl.org/dc/elements/1.1
[2023-10-10 18:21:46] Fuseki     INFO  [48] Body: Content-Length=3542, Content-Type=application/rdf+xml, Charset=null => RDF/XML : Count=22 Triples=22 Quads=0
[2023-10-10 18:21:46] Fuseki     INFO  [48] 201 Created (31 ms)
[2023-10-10 18:21:46] Fuseki     INFO  [49] POST http://localhost:3030/tutorial2?graph=http://example.com/tutorial2/description/objectives
[2023-10-10 18:21:47] Fuseki     INFO  [49] Body: Content-Length=6586, Content-Type=application/rdf+xml, Charset=null => RDF/XML : Count=41 Triples=41 Quads=0
[2023-10-10 18:21:47] Fuseki     INFO  [49] 201 Created (16 ms)
[2023-10-10 18:21:47] Fuseki     INFO  [50] POST http://localhost:3030/tutorial2?graph=http://example.com/tutorial2/vocabulary/mechanical
[2023-10-10 18:21:47] Fuseki     INFO  [50] Body: Content-Length=3267, Content-Type=application/rdf+xml, Charset=null => RDF/XML : Count=26 Triples=26 Quads=0
[2023-10-10 18:21:47] Fuseki     INFO  [50] 201 Created (11 ms)
[2023-10-10 18:21:47] Fuseki     INFO  [51] POST http://localhost:3030/tutorial2?graph=http://example.com/tutorial2/description/missions
[2023-10-10 18:21:47] Fuseki     INFO  [51] Body: Content-Length=5153, Content-Type=application/rdf+xml, Charset=null => RDF/XML : Count=31 Triples=31 Quads=0
[2023-10-10 18:21:47] Fuseki     INFO  [51] 201 Created (11 ms)
[2023-10-10 18:21:47] Fuseki     INFO  [52] POST http://localhost:3030/tutorial2?graph=http://iso.org/iso-80000-4.1
[2023-10-10 18:21:47] Fuseki     INFO  [52] Body: Content-Length=5744, Content-Type=application/rdf+xml, Charset=null => RDF/XML : Count=41 Triples=41 Quads=0
[2023-10-10 18:21:47] Fuseki     INFO  [52] 201 Created (12 ms)
[2023-10-10 18:21:47] Fuseki     INFO  [54] GET http://localhost:3030/tutorial2/sparql?query=PREFIX%20%20mission:%20%3Chttp://example.com/tutorial2/vocabulary/mission%23%3E%0APREFIX%20%20base:%20%3Chttp://example.com/tutorial2/vocabulary/base%23%3E%0A%0ASELECT%20DISTINCT%20%20?m_id%20?m_name%20?o_id%20?o_name%0AWHERE%0A%20%20%7B%20?m%20%20%20%20a%20%20%20%20%20%20%20%20%20%20%20%20%20%20%20%20%20%20%20%20%20mission:Mission%20%3B%0A%20%20%20%20%20%20%20%20%20%20base:hasIdentifier%20%20%20%20?m_id%20%3B%0A%20%20%20%20%20%20%20%20%20%20base:hasCanonicalName%20%20?m_name%20%3B%0A%20%20%20%20%20%20%20%20%20%20mission:pursues%20%20%20%20%20%20%20_:b0%20.%0A%20%20%20%20_:b0%20%20a%20%20%20%20%20%20%20%20%20%20%20%20%20%20%20%20%20%20%20%20%20mission:Objective%20%3B%0A%20%20%20%20%20%20%20%20%20%20base:hasIdentifier%20%20%20%20?o_id%20%3B%0A%20%20%20%20%20%20%20%20%20%20base:hasCanonicalName%20%20?o_name%0A%20%20%7D%0AORDER%20BY%20?m_id%20?o_id%0A
[2023-10-10 18:21:47] Fuseki     INFO  [53] GET http://localhost:3030/tutorial2/sparql?query=PREFIX%20%20mission:%20%3Chttp://example.com/tutorial2/vocabulary/mission%23%3E%0APREFIX%20%20vim4:%20%3Chttp://bipm.org/jcgm/vim4%23%3E%0APREFIX%20%20base:%20%3Chttp://example.com/tutorial2/vocabulary/base%23%3E%0A%0ASELECT%20DISTINCT%20%20?c1_id%20?c1_name%20?c1_mass%20?c2_id%20?c2_name%0AWHERE%0A%20%20%7B%20?c1%20%20a%20%20%20%20%20%20%20%20%20%20%20%20%20%20%20%20%20%20%20%20%20mission:Component%20%3B%0A%20%20%20%20%20%20%20%20%20base:hasIdentifier%20%20%20%20?c1_id%20%3B%0A%20%20%20%20%20%20%20%20%20base:hasCanonicalName%20%20?c1_name%0A%20%20%20%20OPTIONAL%0A%20%20%20%20%20%20%7B%20?c1%20%20base:isContainedIn%20%20%20%20?c2%20.%0A%20%20%20%20%20%20%20%20?c2%20%20base:hasIdentifier%20%20%20%20?c2_id%20%3B%0A%20%20%20%20%20%20%20%20%20%20%20%20%20base:hasCanonicalName%20%20?c2_name%0A%20%20%20%20%20%20%7D%0A%20%20%20%20OPTIONAL%0A%20%20%20%20%20%20%7B%20?c1_mass_mag%20%20vim4:characterizes%20%20?c1%20%3B%0A%20%20%20%20%20%20%20%20%20%20%20%20%20%20%20%20%20%20vim4:hasDoubleNumber%20%20?c1_mass%0A%20%20%20%20%20%20%7D%0A%20%20%7D%0AORDER%20BY%20?c1_id%20?c2_id%0A
[2023-10-10 18:21:47] Fuseki     INFO  [54] Query = PREFIX  mission: <http://example.com/tutorial2/vocabulary/mission#> PREFIX  base: <http://example.com/tutorial2/vocabulary/base#>  SELECT DISTINCT  ?m_id ?m_name ?o_id ?o_name WHERE   { ?m    a                     mission:Mission ;           base:hasIdentifier    ?m_id ;           base:hasCanonicalName  ?m_name ;           mission:pursues       _:b0 .     _:b0  a                     mission:Objective ;           base:hasIdentifier    ?o_id ;           base:hasCanonicalName  ?o_name   } ORDER BY ?m_id ?o_id 
[2023-10-10 18:21:47] Fuseki     INFO  [53] Query = PREFIX  mission: <http://example.com/tutorial2/vocabulary/mission#> PREFIX  vim4: <http://bipm.org/jcgm/vim4#> PREFIX  base: <http://example.com/tutorial2/vocabulary/base#>  SELECT DISTINCT  ?c1_id ?c1_name ?c1_mass ?c2_id ?c2_name WHERE   { ?c1  a                     mission:Component ;          base:hasIdentifier    ?c1_id ;          base:hasCanonicalName  ?c1_name     OPTIONAL       { ?c1  base:isContainedIn    ?c2 .         ?c2  base:hasIdentifier    ?c2_id ;              base:hasCanonicalName  ?c2_name       }     OPTIONAL       { ?c1_mass_mag  vim4:characterizes  ?c1 ;                   vim4:hasDoubleNumber  ?c1_mass       }   } ORDER BY ?c1_id ?c2_id 
[2023-10-10 18:21:47] Fuseki     INFO  [54] 200 OK (7 ms)
[2023-10-10 18:21:47] Fuseki     INFO  [55] GET http://localhost:3030/tutorial2/sparql?query=PREFIX%20%20mission:%20%3Chttp://example.com/tutorial2/vocabulary/mission%23%3E%0APREFIX%20%20base:%20%3Chttp://example.com/tutorial2/vocabulary/base%23%3E%0A%0ASELECT%20DISTINCT%20%20?o1_id%20?o1_name%20?o2_id%20?o2_name%0AWHERE%0A%20%20%7B%20?o1%20%20%20a%20%20%20%20%20%20%20%20%20%20%20%20%20%20%20%20%20%20%20%20%20mission:Objective%20%3B%0A%20%20%20%20%20%20%20%20%20%20base:hasIdentifier%20%20%20%20?o1_id%20%3B%0A%20%20%20%20%20%20%20%20%20%20base:hasCanonicalName%20%20?o1_name%20%3B%0A%20%20%20%20%20%20%20%20%20%20base:aggregates%20%20%20%20%20%20%20_:b0%20.%0A%20%20%20%20_:b0%20%20base:hasIdentifier%20%20%20%20?o2_id%20%3B%0A%20%20%20%20%20%20%20%20%20%20base:hasCanonicalName%20%20?o2_name%0A%20%20%7D%0AORDER%20BY%20?o1_id%20?o2_id%0A
[2023-10-10 18:21:47] Fuseki     INFO  [55] Query = PREFIX  mission: <http://example.com/tutorial2/vocabulary/mission#> PREFIX  base: <http://example.com/tutorial2/vocabulary/base#>  SELECT DISTINCT  ?o1_id ?o1_name ?o2_id ?o2_name WHERE   { ?o1   a                     mission:Objective ;           base:hasIdentifier    ?o1_id ;           base:hasCanonicalName  ?o1_name ;           base:aggregates       _:b0 .     _:b0  base:hasIdentifier    ?o2_id ;           base:hasCanonicalName  ?o2_name   } ORDER BY ?o1_id ?o2_id 
[2023-10-10 18:21:47] Fuseki     INFO  [55] 200 OK (11 ms)
[2023-10-10 18:21:47] Fuseki     INFO  [53] 200 OK (51 ms)
[2023-10-10 18:30:44] Fuseki     INFO  [56] GET http://localhost:3030/tutorial2
[2023-10-10 18:30:44] Fuseki     INFO  [56] 200 OK (269 ms)
[2023-10-10 18:30:45] Fuseki     INFO  [57] DELETE http://localhost:3030/tutorial2?graph=http://iso.org/iso-80000-4.1
[2023-10-10 18:30:45] Fuseki     INFO  [57] 204 No Content (2 ms)
[2023-10-10 18:30:45] Fuseki     INFO  [58] DELETE http://localhost:3030/tutorial2?graph=http://example.com/tutorial2/description/masses
[2023-10-10 18:30:45] Fuseki     INFO  [58] 204 No Content (4 ms)
[2023-10-10 18:30:45] Fuseki     INFO  [59] DELETE http://localhost:3030/tutorial2?graph=http://example.com/tutorial2/description/bundle/properties
[2023-10-10 18:30:45] Fuseki     INFO  [59] 204 No Content (20 ms)
[2023-10-10 18:30:45] Fuseki     INFO  [60] DELETE http://localhost:3030/tutorial2?graph=http://example.com/tutorial2/description/components
[2023-10-10 18:30:45] Fuseki     INFO  [60] 204 No Content (6 ms)
[2023-10-10 18:30:45] Fuseki     INFO  [61] DELETE http://localhost:3030/tutorial2?graph=http://iso.org/iso-1087-1
[2023-10-10 18:30:45] Fuseki     INFO  [61] 204 No Content (2 ms)
[2023-10-10 18:30:45] Fuseki     INFO  [62] DELETE http://localhost:3030/tutorial2?graph=http://example.com/tutorial2/vocabulary/mission
[2023-10-10 18:30:45] Fuseki     INFO  [62] 204 No Content (5 ms)
[2023-10-10 18:30:45] Fuseki     INFO  [63] DELETE http://localhost:3030/tutorial2?graph=http://purl.org/dc/elements/1.1
[2023-10-10 18:30:45] Fuseki     INFO  [63] 204 No Content (3 ms)
[2023-10-10 18:30:45] Fuseki     INFO  [64] DELETE http://localhost:3030/tutorial2?graph=http://bipm.org/jcgm/vim4
[2023-10-10 18:30:45] Fuseki     INFO  [64] 204 No Content (35 ms)
[2023-10-10 18:30:45] Fuseki     INFO  [65] DELETE http://localhost:3030/tutorial2?graph=http://example.com/tutorial2/vocabulary/mechanical
[2023-10-10 18:30:45] Fuseki     INFO  [65] 204 No Content (3 ms)
[2023-10-10 18:30:45] Fuseki     INFO  [66] DELETE http://localhost:3030/tutorial2?graph=http://example.com/tutorial2/description/objectives
[2023-10-10 18:30:45] Fuseki     INFO  [66] 204 No Content (2 ms)
[2023-10-10 18:30:45] Fuseki     INFO  [67] DELETE http://localhost:3030/tutorial2?graph=http://example.com/tutorial2/description/bundle/individuals
[2023-10-10 18:30:45] Fuseki     INFO  [67] 204 No Content (15 ms)
[2023-10-10 18:30:45] Fuseki     INFO  [68] DELETE http://localhost:3030/tutorial2?graph=http://example.com/tutorial2/description/bundle/classes
[2023-10-10 18:30:45] Fuseki     INFO  [68] 204 No Content (8 ms)
[2023-10-10 18:30:45] Fuseki     INFO  [69] DELETE http://localhost:3030/tutorial2?graph=http://example.com/tutorial2/description/missions
[2023-10-10 18:30:45] Fuseki     INFO  [69] 204 No Content (3 ms)
[2023-10-10 18:30:45] Fuseki     INFO  [70] DELETE http://localhost:3030/tutorial2?graph=http://iso.org/iso-80000-1
[2023-10-10 18:30:45] Fuseki     INFO  [70] 204 No Content (6 ms)
[2023-10-10 18:30:45] Fuseki     INFO  [71] DELETE http://localhost:3030/tutorial2?graph=http://example.com/tutorial2/description/bundle
[2023-10-10 18:30:45] Fuseki     INFO  [71] 204 No Content (27 ms)
[2023-10-10 18:30:45] Fuseki     INFO  [72] DELETE http://localhost:3030/tutorial2?graph=http://example.com/tutorial2/vocabulary/base
[2023-10-10 18:30:45] Fuseki     INFO  [72] 204 No Content (12 ms)
[2023-10-10 18:30:45] Fuseki     INFO  [73] POST http://localhost:3030/tutorial2?graph=http://example.com/tutorial2/description/objectives
[2023-10-10 18:30:45] Fuseki     INFO  [73] Body: Content-Length=6586, Content-Type=application/rdf+xml, Charset=null => RDF/XML : Count=41 Triples=41 Quads=0
[2023-10-10 18:30:45] Fuseki     INFO  [73] 201 Created (8 ms)
[2023-10-10 18:30:45] Fuseki     INFO  [74] POST http://localhost:3030/tutorial2?graph=http://example.com/tutorial2/description/masses
[2023-10-10 18:30:45] Fuseki     INFO  [74] Body: Content-Length=13629, Content-Type=application/rdf+xml, Charset=null => RDF/XML : Count=67 Triples=67 Quads=0
[2023-10-10 18:30:45] Fuseki     INFO  [74] 201 Created (15 ms)
[2023-10-10 18:30:45] Fuseki     INFO  [75] POST http://localhost:3030/tutorial2?graph=http://example.com/tutorial2/vocabulary/mission
[2023-10-10 18:30:45] Fuseki     INFO  [75] Body: Content-Length=27130, Content-Type=application/rdf+xml, Charset=null => RDF/XML : Count=242 Triples=242 Quads=0
[2023-10-10 18:30:45] Fuseki     INFO  [75] 201 Created (33 ms)
[2023-10-10 18:30:45] Fuseki     INFO  [76] POST http://localhost:3030/tutorial2?graph=http://example.com/tutorial2/description/bundle
[2023-10-10 18:30:46] Fuseki     INFO  [76] Body: Content-Length=190146, Content-Type=application/rdf+xml, Charset=null => RDF/XML : Count=1935 Triples=1935 Quads=0
[2023-10-10 18:30:46] Fuseki     INFO  [76] 201 Created (110 ms)
[2023-10-10 18:30:46] Fuseki     INFO  [77] POST http://localhost:3030/tutorial2?graph=http://iso.org/iso-1087-1
[2023-10-10 18:30:46] Fuseki     INFO  [77] Body: Content-Length=8160, Content-Type=application/rdf+xml, Charset=null => RDF/XML : Count=63 Triples=63 Quads=0
[2023-10-10 18:30:46] Fuseki     INFO  [77] 201 Created (10 ms)
[2023-10-10 18:30:46] Fuseki     INFO  [78] POST http://localhost:3030/tutorial2?graph=http://example.com/tutorial2/description/components
[2023-10-10 18:30:46] Fuseki     INFO  [78] Body: Content-Length=11031, Content-Type=application/rdf+xml, Charset=null => RDF/XML : Count=80 Triples=80 Quads=0
[2023-10-10 18:30:46] Fuseki     INFO  [78] 201 Created (8 ms)
[2023-10-10 18:30:46] Fuseki     INFO  [79] POST http://localhost:3030/tutorial2?graph=http://iso.org/iso-80000-1
[2023-10-10 18:30:46] Fuseki     INFO  [79] Body: Content-Length=11534, Content-Type=application/rdf+xml, Charset=null => RDF/XML : Count=124 Triples=124 Quads=0
[2023-10-10 18:30:46] Fuseki     INFO  [79] 201 Created (11 ms)
[2023-10-10 18:30:46] Fuseki     INFO  [80] POST http://localhost:3030/tutorial2?graph=http://example.com/tutorial2/description/requirements
[2023-10-10 18:30:46] Fuseki     INFO  [80] Body: Content-Length=4698, Content-Type=application/rdf+xml, Charset=null => RDF/XML : Count=23 Triples=23 Quads=0
[2023-10-10 18:30:46] Fuseki     INFO  [80] 201 Created (7 ms)
[2023-10-10 18:30:46] Fuseki     INFO  [81] POST http://localhost:3030/tutorial2?graph=http://example.com/tutorial2/description/bundle/classes
[2023-10-10 18:30:46] Fuseki     INFO  [81] Body: Content-Length=24860, Content-Type=text/turtle, Charset=null => Turtle : Count=360 Triples=360 Quads=0
[2023-10-10 18:30:46] Fuseki     INFO  [81] 201 Created (18 ms)
[2023-10-10 18:30:46] Fuseki     INFO  [82] POST http://localhost:3030/tutorial2?graph=http://example.com/tutorial2/vocabulary/mechanical
[2023-10-10 18:30:46] Fuseki     INFO  [82] Body: Content-Length=3267, Content-Type=application/rdf+xml, Charset=null => RDF/XML : Count=26 Triples=26 Quads=0
[2023-10-10 18:30:46] Fuseki     INFO  [82] 201 Created (11 ms)
[2023-10-10 18:30:46] Fuseki     INFO  [83] POST http://localhost:3030/tutorial2?graph=http://example.com/tutorial2/description/bundle/properties
[2023-10-10 18:30:46] Fuseki     INFO  [83] Body: Content-Length=19013, Content-Type=text/turtle, Charset=null => Turtle : Count=248 Triples=248 Quads=0
[2023-10-10 18:30:46] Fuseki     INFO  [83] 201 Created (26 ms)
[2023-10-10 18:30:46] Fuseki     INFO  [84] POST http://localhost:3030/tutorial2?graph=http://example.com/tutorial2/vocabulary/base
[2023-10-10 18:30:46] Fuseki     INFO  [84] Body: Content-Length=16152, Content-Type=application/rdf+xml, Charset=null => RDF/XML : Count=132 Triples=132 Quads=0
[2023-10-10 18:30:46] Fuseki     INFO  [84] 201 Created (12 ms)
[2023-10-10 18:30:46] Fuseki     INFO  [85] POST http://localhost:3030/tutorial2?graph=http://example.com/tutorial2/description/missions
[2023-10-10 18:30:46] Fuseki     INFO  [85] Body: Content-Length=5153, Content-Type=application/rdf+xml, Charset=null => RDF/XML : Count=31 Triples=31 Quads=0
[2023-10-10 18:30:46] Fuseki     INFO  [85] 201 Created (7 ms)
[2023-10-10 18:30:46] Fuseki     INFO  [86] POST http://localhost:3030/tutorial2?graph=http://example.com/tutorial2/description/bundle/individuals
[2023-10-10 18:30:46] Fuseki     INFO  [86] Body: Content-Length=123751, Content-Type=text/turtle, Charset=null => Turtle : Count=1470 Triples=1470 Quads=0
[2023-10-10 18:30:46] Fuseki     INFO  [86] 201 Created (46 ms)
[2023-10-10 18:30:46] Fuseki     INFO  [87] POST http://localhost:3030/tutorial2?graph=http://bipm.org/jcgm/vim4
[2023-10-10 18:30:46] Fuseki     INFO  [87] Body: Content-Length=187945, Content-Type=application/rdf+xml, Charset=null => RDF/XML : Count=1807 Triples=1807 Quads=0
[2023-10-10 18:30:46] Fuseki     INFO  [87] 201 Created (87 ms)
[2023-10-10 18:30:46] Fuseki     INFO  [88] POST http://localhost:3030/tutorial2?graph=http://purl.org/dc/elements/1.1
[2023-10-10 18:30:46] Fuseki     INFO  [88] Body: Content-Length=3542, Content-Type=application/rdf+xml, Charset=null => RDF/XML : Count=22 Triples=22 Quads=0
[2023-10-10 18:30:46] Fuseki     INFO  [88] 201 Created (5 ms)
[2023-10-10 18:30:46] Fuseki     INFO  [89] POST http://localhost:3030/tutorial2?graph=http://iso.org/iso-80000-4.1
[2023-10-10 18:30:46] Fuseki     INFO  [89] Body: Content-Length=5744, Content-Type=application/rdf+xml, Charset=null => RDF/XML : Count=41 Triples=41 Quads=0
[2023-10-10 18:30:46] Fuseki     INFO  [89] 201 Created (6 ms)
[2023-10-10 18:30:46] Fuseki     INFO  [90] POST http://localhost:3030/tutorial2?graph=http://example.com/tutorial2/description/interfaces
[2023-10-10 18:30:46] Fuseki     INFO  [90] Body: Content-Length=6933, Content-Type=application/rdf+xml, Charset=null => RDF/XML : Count=41 Triples=41 Quads=0
[2023-10-10 18:30:46] Fuseki     INFO  [90] 201 Created (7 ms)
[2023-10-10 18:30:46] Fuseki     INFO  [91] GET http://localhost:3030/tutorial2/sparql?query=PREFIX%20%20mission:%20%3Chttp://example.com/tutorial2/vocabulary/mission%23%3E%0APREFIX%20%20vim4:%20%3Chttp://bipm.org/jcgm/vim4%23%3E%0APREFIX%20%20base:%20%3Chttp://example.com/tutorial2/vocabulary/base%23%3E%0A%0ASELECT%20DISTINCT%20%20?c1_id%20?c1_name%20?c1_mass%20?c2_id%20?c2_name%0AWHERE%0A%20%20%7B%20?c1%20%20a%20%20%20%20%20%20%20%20%20%20%20%20%20%20%20%20%20%20%20%20%20mission:Component%20%3B%0A%20%20%20%20%20%20%20%20%20base:hasIdentifier%20%20%20%20?c1_id%20%3B%0A%20%20%20%20%20%20%20%20%20base:hasCanonicalName%20%20?c1_name%0A%20%20%20%20OPTIONAL%0A%20%20%20%20%20%20%7B%20?c1%20%20base:isContainedIn%20%20%20%20?c2%20.%0A%20%20%20%20%20%20%20%20?c2%20%20base:hasIdentifier%20%20%20%20?c2_id%20%3B%0A%20%20%20%20%20%20%20%20%20%20%20%20%20base:hasCanonicalName%20%20?c2_name%0A%20%20%20%20%20%20%7D%0A%20%20%20%20OPTIONAL%0A%20%20%20%20%20%20%7B%20?c1_mass_mag%20%20vim4:characterizes%20%20?c1%20%3B%0A%20%20%20%20%20%20%20%20%20%20%20%20%20%20%20%20%20%20vim4:hasDoubleNumber%20%20?c1_mass%0A%20%20%20%20%20%20%7D%0A%20%20%7D%0AORDER%20BY%20?c1_id%20?c2_id%0A
[2023-10-10 18:30:46] Fuseki     INFO  [91] Query = PREFIX  mission: <http://example.com/tutorial2/vocabulary/mission#> PREFIX  vim4: <http://bipm.org/jcgm/vim4#> PREFIX  base: <http://example.com/tutorial2/vocabulary/base#>  SELECT DISTINCT  ?c1_id ?c1_name ?c1_mass ?c2_id ?c2_name WHERE   { ?c1  a                     mission:Component ;          base:hasIdentifier    ?c1_id ;          base:hasCanonicalName  ?c1_name     OPTIONAL       { ?c1  base:isContainedIn    ?c2 .         ?c2  base:hasIdentifier    ?c2_id ;              base:hasCanonicalName  ?c2_name       }     OPTIONAL       { ?c1_mass_mag  vim4:characterizes  ?c1 ;                   vim4:hasDoubleNumber  ?c1_mass       }   } ORDER BY ?c1_id ?c2_id 
[2023-10-10 18:30:46] Fuseki     INFO  [92] GET http://localhost:3030/tutorial2/sparql?query=PREFIX%20%20mission:%20%3Chttp://example.com/tutorial2/vocabulary/mission%23%3E%0APREFIX%20%20rdfs:%20%3Chttp://www.w3.org/2000/01/rdf-schema%23%3E%0APREFIX%20%20base:%20%3Chttp://example.com/tutorial2/vocabulary/base%23%3E%0APREFIX%20%20oml:%20%20%3Chttp://opencaesar.io/oml%23%3E%0A%0ASELECT%20DISTINCT%20%20?r_id%20?c_name%20?i_name%0AWHERE%0A%20%20%7B%20?r%20%20%20%20a%20%20%20%20%20%20%20%20%20%20%20%20%20%20%20%20%20%20%20%20%20mission:Requirement%20%3B%0A%20%20%20%20%20%20%20%20%20%20base:hasIdentifier%20%20%20%20?r_id%20%3B%0A%20%20%20%20%20%20%20%20%20%20mission:specifies%20%20%20%20%20_:b0%20.%0A%20%20%20%20_:b0%20%20a%20%20%20%20%20%20%20%20%20%20%20%20%20%20%20%20%20%20%20%20%20mission:Presents%20%3B%0A%20%20%20%20%20%20%20%20%20%20oml:hasSource%20%20%20%20%20%20%20%20%20_:b1%20.%0A%20%20%20%20_:b1%20%20base:hasCanonicalName%20%20?c_name%20.%0A%20%20%20%20_:b0%20%20oml:hasTarget%20%20%20%20%20%20%20%20%20_:b2%20.%0A%20%20%20%20_:b2%20%20base:hasCanonicalName%20%20?i_name%0A%20%20%7D%0AORDER%20BY%20?r_id%20?c_name%20?i_name%0A
[2023-10-10 18:30:46] Fuseki     INFO  [92] Query = PREFIX  mission: <http://example.com/tutorial2/vocabulary/mission#> PREFIX  rdfs: <http://www.w3.org/2000/01/rdf-schema#> PREFIX  base: <http://example.com/tutorial2/vocabulary/base#> PREFIX  oml:  <http://opencaesar.io/oml#>  SELECT DISTINCT  ?r_id ?c_name ?i_name WHERE   { ?r    a                     mission:Requirement ;           base:hasIdentifier    ?r_id ;           mission:specifies     _:b0 .     _:b0  a                     mission:Presents ;           oml:hasSource         _:b1 .     _:b1  base:hasCanonicalName  ?c_name .     _:b0  oml:hasTarget         _:b2 .     _:b2  base:hasCanonicalName  ?i_name   } ORDER BY ?r_id ?c_name ?i_name 
[2023-10-10 18:30:46] Fuseki     INFO  [92] 200 OK (4 ms)
[2023-10-10 18:30:46] Fuseki     INFO  [93] GET http://localhost:3030/tutorial2/sparql?query=PREFIX%20%20mission:%20%3Chttp://example.com/tutorial2/vocabulary/mission%23%3E%0APREFIX%20%20base:%20%3Chttp://example.com/tutorial2/vocabulary/base%23%3E%0A%0ASELECT%20DISTINCT%20%20?m_id%20?m_name%20?o_id%20?o_name%0AWHERE%0A%20%20%7B%20?m%20%20%20%20a%20%20%20%20%20%20%20%20%20%20%20%20%20%20%20%20%20%20%20%20%20mission:Mission%20%3B%0A%20%20%20%20%20%20%20%20%20%20base:hasIdentifier%20%20%20%20?m_id%20%3B%0A%20%20%20%20%20%20%20%20%20%20base:hasCanonicalName%20%20?m_name%20%3B%0A%20%20%20%20%20%20%20%20%20%20mission:pursues%20%20%20%20%20%20%20_:b0%20.%0A%20%20%20%20_:b0%20%20a%20%20%20%20%20%20%20%20%20%20%20%20%20%20%20%20%20%20%20%20%20mission:Objective%20%3B%0A%20%20%20%20%20%20%20%20%20%20base:hasIdentifier%20%20%20%20?o_id%20%3B%0A%20%20%20%20%20%20%20%20%20%20base:hasCanonicalName%20%20?o_name%0A%20%20%7D%0AORDER%20BY%20?m_id%20?o_id%0A
[2023-10-10 18:30:46] Fuseki     INFO  [93] Query = PREFIX  mission: <http://example.com/tutorial2/vocabulary/mission#> PREFIX  base: <http://example.com/tutorial2/vocabulary/base#>  SELECT DISTINCT  ?m_id ?m_name ?o_id ?o_name WHERE   { ?m    a                     mission:Mission ;           base:hasIdentifier    ?m_id ;           base:hasCanonicalName  ?m_name ;           mission:pursues       _:b0 .     _:b0  a                     mission:Objective ;           base:hasIdentifier    ?o_id ;           base:hasCanonicalName  ?o_name   } ORDER BY ?m_id ?o_id 
[2023-10-10 18:30:46] Fuseki     INFO  [94] GET http://localhost:3030/tutorial2/sparql?query=PREFIX%20%20mission:%20%3Chttp://example.com/tutorial2/vocabulary/mission%23%3E%0APREFIX%20%20base:%20%3Chttp://example.com/tutorial2/vocabulary/base%23%3E%0A%0ASELECT%20DISTINCT%20%20?o1_id%20?o1_name%20?o2_id%20?o2_name%0AWHERE%0A%20%20%7B%20?o1%20%20%20a%20%20%20%20%20%20%20%20%20%20%20%20%20%20%20%20%20%20%20%20%20mission:Objective%20%3B%0A%20%20%20%20%20%20%20%20%20%20base:hasIdentifier%20%20%20%20?o1_id%20%3B%0A%20%20%20%20%20%20%20%20%20%20base:hasCanonicalName%20%20?o1_name%20%3B%0A%20%20%20%20%20%20%20%20%20%20base:aggregates%20%20%20%20%20%20%20_:b0%20.%0A%20%20%20%20_:b0%20%20base:hasIdentifier%20%20%20%20?o2_id%20%3B%0A%20%20%20%20%20%20%20%20%20%20base:hasCanonicalName%20%20?o2_name%0A%20%20%7D%0AORDER%20BY%20?o1_id%20?o2_id%0A
[2023-10-10 18:30:46] Fuseki     INFO  [94] Query = PREFIX  mission: <http://example.com/tutorial2/vocabulary/mission#> PREFIX  base: <http://example.com/tutorial2/vocabulary/base#>  SELECT DISTINCT  ?o1_id ?o1_name ?o2_id ?o2_name WHERE   { ?o1   a                     mission:Objective ;           base:hasIdentifier    ?o1_id ;           base:hasCanonicalName  ?o1_name ;           base:aggregates       _:b0 .     _:b0  base:hasIdentifier    ?o2_id ;           base:hasCanonicalName  ?o2_name   } ORDER BY ?o1_id ?o2_id 
[2023-10-10 18:30:46] Fuseki     INFO  [94] 200 OK (4 ms)
[2023-10-10 18:30:46] Fuseki     INFO  [93] 200 OK (11 ms)
[2023-10-10 18:30:46] Fuseki     INFO  [91] 200 OK (44 ms)
[2023-10-10 18:34:23] Fuseki     INFO  [95] GET http://localhost:3030/tutorial2
[2023-10-10 18:34:24] Fuseki     INFO  [95] 200 OK (316 ms)
[2023-10-10 18:34:24] Fuseki     INFO  [96] DELETE http://localhost:3030/tutorial2?graph=http://iso.org/iso-80000-4.1
[2023-10-10 18:34:24] Fuseki     INFO  [96] 204 No Content (2 ms)
[2023-10-10 18:34:24] Fuseki     INFO  [97] DELETE http://localhost:3030/tutorial2?graph=http://example.com/tutorial2/description/masses
[2023-10-10 18:34:24] Fuseki     INFO  [97] 204 No Content (3 ms)
[2023-10-10 18:34:24] Fuseki     INFO  [98] DELETE http://localhost:3030/tutorial2?graph=http://example.com/tutorial2/description/bundle/properties
[2023-10-10 18:34:24] Fuseki     INFO  [98] 204 No Content (4 ms)
[2023-10-10 18:34:24] Fuseki     INFO  [99] DELETE http://localhost:3030/tutorial2?graph=http://example.com/tutorial2/description/components
[2023-10-10 18:34:24] Fuseki     INFO  [99] 204 No Content (5 ms)
[2023-10-10 18:34:24] Fuseki     INFO  [100] DELETE http://localhost:3030/tutorial2?graph=http://iso.org/iso-1087-1
[2023-10-10 18:34:24] Fuseki     INFO  [100] 204 No Content (2 ms)
[2023-10-10 18:34:24] Fuseki     INFO  [101] DELETE http://localhost:3030/tutorial2?graph=http://example.com/tutorial2/description/requirements
[2023-10-10 18:34:24] Fuseki     INFO  [101] 204 No Content (3 ms)
[2023-10-10 18:34:24] Fuseki     INFO  [102] DELETE http://localhost:3030/tutorial2?graph=http://example.com/tutorial2/vocabulary/mission
[2023-10-10 18:34:24] Fuseki     INFO  [102] 204 No Content (6 ms)
[2023-10-10 18:34:24] Fuseki     INFO  [103] DELETE http://localhost:3030/tutorial2?graph=http://purl.org/dc/elements/1.1
[2023-10-10 18:34:24] Fuseki     INFO  [103] 204 No Content (1 ms)
[2023-10-10 18:34:24] Fuseki     INFO  [104] DELETE http://localhost:3030/tutorial2?graph=http://bipm.org/jcgm/vim4
[2023-10-10 18:34:24] Fuseki     INFO  [104] 204 No Content (40 ms)
[2023-10-10 18:34:24] Fuseki     INFO  [105] DELETE http://localhost:3030/tutorial2?graph=http://example.com/tutorial2/vocabulary/mechanical
[2023-10-10 18:34:24] Fuseki     INFO  [105] 204 No Content (2 ms)
[2023-10-10 18:34:24] Fuseki     INFO  [106] DELETE http://localhost:3030/tutorial2?graph=http://example.com/tutorial2/description/objectives
[2023-10-10 18:34:24] Fuseki     INFO  [106] 204 No Content (1 ms)
[2023-10-10 18:34:24] Fuseki     INFO  [107] DELETE http://localhost:3030/tutorial2?graph=http://example.com/tutorial2/description/bundle/individuals
[2023-10-10 18:34:24] Fuseki     INFO  [107] 204 No Content (17 ms)
[2023-10-10 18:34:24] Fuseki     INFO  [108] DELETE http://localhost:3030/tutorial2?graph=http://example.com/tutorial2/description/interfaces
[2023-10-10 18:34:24] Fuseki     INFO  [108] 204 No Content (2 ms)
[2023-10-10 18:34:24] Fuseki     INFO  [109] DELETE http://localhost:3030/tutorial2?graph=http://example.com/tutorial2/description/bundle/classes
[2023-10-10 18:34:24] Fuseki     INFO  [109] 204 No Content (5 ms)
[2023-10-10 18:34:24] Fuseki     INFO  [110] DELETE http://localhost:3030/tutorial2?graph=http://example.com/tutorial2/description/missions
[2023-10-10 18:34:24] Fuseki     INFO  [110] 204 No Content (4 ms)
[2023-10-10 18:34:24] Fuseki     INFO  [111] DELETE http://localhost:3030/tutorial2?graph=http://iso.org/iso-80000-1
[2023-10-10 18:34:24] Fuseki     INFO  [111] 204 No Content (2 ms)
[2023-10-10 18:34:24] Fuseki     INFO  [112] DELETE http://localhost:3030/tutorial2?graph=http://example.com/tutorial2/description/bundle
[2023-10-10 18:34:24] Fuseki     INFO  [112] 204 No Content (32 ms)
[2023-10-10 18:34:24] Fuseki     INFO  [113] DELETE http://localhost:3030/tutorial2?graph=http://example.com/tutorial2/vocabulary/base
[2023-10-10 18:34:24] Fuseki     INFO  [113] 204 No Content (3 ms)
[2023-10-10 18:34:24] Fuseki     INFO  [114] POST http://localhost:3030/tutorial2?graph=http://example.com/tutorial2/description/objectives
[2023-10-10 18:34:24] Fuseki     INFO  [114] Body: Content-Length=6586, Content-Type=application/rdf+xml, Charset=null => RDF/XML : Count=41 Triples=41 Quads=0
[2023-10-10 18:34:24] Fuseki     INFO  [114] 201 Created (7 ms)
[2023-10-10 18:34:24] Fuseki     INFO  [115] POST http://localhost:3030/tutorial2?graph=http://example.com/tutorial2/description/bundle
[2023-10-10 18:34:25] Fuseki     INFO  [115] Body: Content-Length=190235, Content-Type=application/rdf+xml, Charset=null => RDF/XML : Count=1936 Triples=1936 Quads=0
[2023-10-10 18:34:25] Fuseki     INFO  [115] 201 Created (74 ms)
[2023-10-10 18:34:25] Fuseki     INFO  [116] POST http://localhost:3030/tutorial2?graph=http://example.com/tutorial2/vocabulary/base
[2023-10-10 18:34:25] Fuseki     INFO  [116] Body: Content-Length=16152, Content-Type=application/rdf+xml, Charset=null => RDF/XML : Count=132 Triples=132 Quads=0
[2023-10-10 18:34:25] Fuseki     INFO  [116] 201 Created (9 ms)
[2023-10-10 18:34:25] Fuseki     INFO  [117] POST http://localhost:3030/tutorial2?graph=http://example.com/tutorial2/description/requirements
[2023-10-10 18:34:25] Fuseki     INFO  [117] Body: Content-Length=4698, Content-Type=application/rdf+xml, Charset=null => RDF/XML : Count=23 Triples=23 Quads=0
[2023-10-10 18:34:25] Fuseki     INFO  [117] 201 Created (5 ms)
[2023-10-10 18:34:25] Fuseki     INFO  [118] POST http://localhost:3030/tutorial2?graph=http://example.com/tutorial2/description/junctions
[2023-10-10 18:34:25] Fuseki     INFO  [118] Body: Content-Length=4172, Content-Type=application/rdf+xml, Charset=null => RDF/XML : Count=21 Triples=21 Quads=0
[2023-10-10 18:34:25] Fuseki     INFO  [118] 201 Created (9 ms)
[2023-10-10 18:34:25] Fuseki     INFO  [119] POST http://localhost:3030/tutorial2?graph=http://purl.org/dc/elements/1.1
[2023-10-10 18:34:25] Fuseki     INFO  [119] Body: Content-Length=3542, Content-Type=application/rdf+xml, Charset=null => RDF/XML : Count=22 Triples=22 Quads=0
[2023-10-10 18:34:25] Fuseki     INFO  [119] 201 Created (5 ms)
[2023-10-10 18:34:25] Fuseki     INFO  [120] POST http://localhost:3030/tutorial2?graph=http://example.com/tutorial2/description/bundle/properties
[2023-10-10 18:34:25] Fuseki     INFO  [120] Body: Content-Length=19814, Content-Type=text/turtle, Charset=null => Turtle : Count=258 Triples=258 Quads=0
[2023-10-10 18:34:25] Fuseki     INFO  [120] 201 Created (15 ms)
[2023-10-10 18:34:25] Fuseki     INFO  [121] POST http://localhost:3030/tutorial2?graph=http://example.com/tutorial2/description/masses
[2023-10-10 18:34:25] Fuseki     INFO  [121] Body: Content-Length=13629, Content-Type=application/rdf+xml, Charset=null => RDF/XML : Count=67 Triples=67 Quads=0
[2023-10-10 18:34:25] Fuseki     INFO  [121] 201 Created (7 ms)
[2023-10-10 18:34:25] Fuseki     INFO  [122] POST http://localhost:3030/tutorial2?graph=http://example.com/tutorial2/description/interfaces
[2023-10-10 18:34:25] Fuseki     INFO  [122] Body: Content-Length=6933, Content-Type=application/rdf+xml, Charset=null => RDF/XML : Count=41 Triples=41 Quads=0
[2023-10-10 18:34:25] Fuseki     INFO  [122] 201 Created (6 ms)
[2023-10-10 18:34:25] Fuseki     INFO  [123] POST http://localhost:3030/tutorial2?graph=http://example.com/tutorial2/description/bundle/individuals
[2023-10-10 18:34:25] Fuseki     INFO  [123] Body: Content-Length=127042, Content-Type=text/turtle, Charset=null => Turtle : Count=1498 Triples=1498 Quads=0
[2023-10-10 18:34:25] Fuseki     INFO  [123] 201 Created (57 ms)
[2023-10-10 18:34:25] Fuseki     INFO  [124] POST http://localhost:3030/tutorial2?graph=http://bipm.org/jcgm/vim4
[2023-10-10 18:34:25] Fuseki     INFO  [124] Body: Content-Length=187945, Content-Type=application/rdf+xml, Charset=null => RDF/XML : Count=1807 Triples=1807 Quads=0
[2023-10-10 18:34:25] Fuseki     INFO  [124] 201 Created (63 ms)
[2023-10-10 18:34:25] Fuseki     INFO  [125] POST http://localhost:3030/tutorial2?graph=http://example.com/tutorial2/description/missions
[2023-10-10 18:34:25] Fuseki     INFO  [125] Body: Content-Length=5153, Content-Type=application/rdf+xml, Charset=null => RDF/XML : Count=31 Triples=31 Quads=0
[2023-10-10 18:34:25] Fuseki     INFO  [125] 201 Created (6 ms)
[2023-10-10 18:34:25] Fuseki     INFO  [126] POST http://localhost:3030/tutorial2?graph=http://iso.org/iso-1087-1
[2023-10-10 18:34:25] Fuseki     INFO  [126] Body: Content-Length=8160, Content-Type=application/rdf+xml, Charset=null => RDF/XML : Count=63 Triples=63 Quads=0
[2023-10-10 18:34:25] Fuseki     INFO  [126] 201 Created (7 ms)
[2023-10-10 18:34:25] Fuseki     INFO  [127] POST http://localhost:3030/tutorial2?graph=http://example.com/tutorial2/vocabulary/mechanical
[2023-10-10 18:34:25] Fuseki     INFO  [127] Body: Content-Length=3267, Content-Type=application/rdf+xml, Charset=null => RDF/XML : Count=26 Triples=26 Quads=0
[2023-10-10 18:34:25] Fuseki     INFO  [127] 201 Created (6 ms)
[2023-10-10 18:34:25] Fuseki     INFO  [128] POST http://localhost:3030/tutorial2?graph=http://example.com/tutorial2/vocabulary/mission
[2023-10-10 18:34:25] Fuseki     INFO  [128] Body: Content-Length=40243, Content-Type=application/rdf+xml, Charset=null => RDF/XML : Count=359 Triples=359 Quads=0
[2023-10-10 18:34:25] Fuseki     INFO  [128] 201 Created (28 ms)
[2023-10-10 18:34:25] Fuseki     INFO  [129] POST http://localhost:3030/tutorial2?graph=http://iso.org/iso-80000-1
[2023-10-10 18:34:25] Fuseki     INFO  [129] Body: Content-Length=11534, Content-Type=application/rdf+xml, Charset=null => RDF/XML : Count=124 Triples=124 Quads=0
[2023-10-10 18:34:25] Fuseki     INFO  [129] 201 Created (11 ms)
[2023-10-10 18:34:25] Fuseki     INFO  [130] POST http://localhost:3030/tutorial2?graph=http://iso.org/iso-80000-4.1
[2023-10-10 18:34:25] Fuseki     INFO  [130] Body: Content-Length=5744, Content-Type=application/rdf+xml, Charset=null => RDF/XML : Count=41 Triples=41 Quads=0
[2023-10-10 18:34:25] Fuseki     INFO  [130] 201 Created (6 ms)
[2023-10-10 18:34:25] Fuseki     INFO  [131] POST http://localhost:3030/tutorial2?graph=http://example.com/tutorial2/description/bundle/classes
[2023-10-10 18:34:25] Fuseki     INFO  [131] Body: Content-Length=25540, Content-Type=text/turtle, Charset=null => Turtle : Count=369 Triples=369 Quads=0
[2023-10-10 18:34:25] Fuseki     INFO  [131] 201 Created (24 ms)
[2023-10-10 18:34:25] Fuseki     INFO  [132] POST http://localhost:3030/tutorial2?graph=http://example.com/tutorial2/description/components
[2023-10-10 18:34:25] Fuseki     INFO  [132] Body: Content-Length=11031, Content-Type=application/rdf+xml, Charset=null => RDF/XML : Count=80 Triples=80 Quads=0
[2023-10-10 18:34:25] Fuseki     INFO  [132] 201 Created (7 ms)
[2023-10-10 18:34:25] Fuseki     INFO  [133] GET http://localhost:3030/tutorial2/sparql?query=PREFIX%20%20mission:%20%3Chttp://example.com/tutorial2/vocabulary/mission%23%3E%0APREFIX%20%20base:%20%3Chttp://example.com/tutorial2/vocabulary/base%23%3E%0A%0ASELECT%20DISTINCT%20%20?m_id%20?m_name%20?o_id%20?o_name%0AWHERE%0A%20%20%7B%20?m%20%20%20%20a%20%20%20%20%20%20%20%20%20%20%20%20%20%20%20%20%20%20%20%20%20mission:Mission%20%3B%0A%20%20%20%20%20%20%20%20%20%20base:hasIdentifier%20%20%20%20?m_id%20%3B%0A%20%20%20%20%20%20%20%20%20%20base:hasCanonicalName%20%20?m_name%20%3B%0A%20%20%20%20%20%20%20%20%20%20mission:pursues%20%20%20%20%20%20%20_:b0%20.%0A%20%20%20%20_:b0%20%20a%20%20%20%20%20%20%20%20%20%20%20%20%20%20%20%20%20%20%20%20%20mission:Objective%20%3B%0A%20%20%20%20%20%20%20%20%20%20base:hasIdentifier%20%20%20%20?o_id%20%3B%0A%20%20%20%20%20%20%20%20%20%20base:hasCanonicalName%20%20?o_name%0A%20%20%7D%0AORDER%20BY%20?m_id%20?o_id%0A
[2023-10-10 18:34:25] Fuseki     INFO  [133] Query = PREFIX  mission: <http://example.com/tutorial2/vocabulary/mission#> PREFIX  base: <http://example.com/tutorial2/vocabulary/base#>  SELECT DISTINCT  ?m_id ?m_name ?o_id ?o_name WHERE   { ?m    a                     mission:Mission ;           base:hasIdentifier    ?m_id ;           base:hasCanonicalName  ?m_name ;           mission:pursues       _:b0 .     _:b0  a                     mission:Objective ;           base:hasIdentifier    ?o_id ;           base:hasCanonicalName  ?o_name   } ORDER BY ?m_id ?o_id 
[2023-10-10 18:34:25] Fuseki     INFO  [133] 200 OK (4 ms)
[2023-10-10 18:34:25] Fuseki     INFO  [134] GET http://localhost:3030/tutorial2/sparql?query=PREFIX%20%20mission:%20%3Chttp://example.com/tutorial2/vocabulary/mission%23%3E%0APREFIX%20%20rdfs:%20%3Chttp://www.w3.org/2000/01/rdf-schema%23%3E%0APREFIX%20%20base:%20%3Chttp://example.com/tutorial2/vocabulary/base%23%3E%0APREFIX%20%20oml:%20%20%3Chttp://opencaesar.io/oml%23%3E%0A%0ASELECT%20DISTINCT%20%20?r_id%20?c_name%20?i_name%0AWHERE%0A%20%20%7B%20?r%20%20%20%20a%20%20%20%20%20%20%20%20%20%20%20%20%20%20%20%20%20%20%20%20%20mission:Requirement%20%3B%0A%20%20%20%20%20%20%20%20%20%20base:hasIdentifier%20%20%20%20?r_id%20%3B%0A%20%20%20%20%20%20%20%20%20%20mission:specifies%20%20%20%20%20_:b0%20.%0A%20%20%20%20_:b0%20%20a%20%20%20%20%20%20%20%20%20%20%20%20%20%20%20%20%20%20%20%20%20mission:Presents%20%3B%0A%20%20%20%20%20%20%20%20%20%20oml:hasSource%20%20%20%20%20%20%20%20%20_:b1%20.%0A%20%20%20%20_:b1%20%20base:hasCanonicalName%20%20?c_name%20.%0A%20%20%20%20_:b0%20%20oml:hasTarget%20%20%20%20%20%20%20%20%20_:b2%20.%0A%20%20%20%20_:b2%20%20base:hasCanonicalName%20%20?i_name%0A%20%20%7D%0AORDER%20BY%20?r_id%20?c_name%20?i_name%0A
[2023-10-10 18:34:25] Fuseki     INFO  [134] Query = PREFIX  mission: <http://example.com/tutorial2/vocabulary/mission#> PREFIX  rdfs: <http://www.w3.org/2000/01/rdf-schema#> PREFIX  base: <http://example.com/tutorial2/vocabulary/base#> PREFIX  oml:  <http://opencaesar.io/oml#>  SELECT DISTINCT  ?r_id ?c_name ?i_name WHERE   { ?r    a                     mission:Requirement ;           base:hasIdentifier    ?r_id ;           mission:specifies     _:b0 .     _:b0  a                     mission:Presents ;           oml:hasSource         _:b1 .     _:b1  base:hasCanonicalName  ?c_name .     _:b0  oml:hasTarget         _:b2 .     _:b2  base:hasCanonicalName  ?i_name   } ORDER BY ?r_id ?c_name ?i_name 
[2023-10-10 18:34:25] Fuseki     INFO  [135] GET http://localhost:3030/tutorial2/sparql?query=PREFIX%20%20mission:%20%3Chttp://example.com/tutorial2/vocabulary/mission%23%3E%0APREFIX%20%20vim4:%20%3Chttp://bipm.org/jcgm/vim4%23%3E%0APREFIX%20%20base:%20%3Chttp://example.com/tutorial2/vocabulary/base%23%3E%0A%0ASELECT%20DISTINCT%20%20?c1_id%20?c1_name%20?c1_mass%20?c2_id%20?c2_name%0AWHERE%0A%20%20%7B%20?c1%20%20a%20%20%20%20%20%20%20%20%20%20%20%20%20%20%20%20%20%20%20%20%20mission:Component%20%3B%0A%20%20%20%20%20%20%20%20%20base:hasIdentifier%20%20%20%20?c1_id%20%3B%0A%20%20%20%20%20%20%20%20%20base:hasCanonicalName%20%20?c1_name%0A%20%20%20%20OPTIONAL%0A%20%20%20%20%20%20%7B%20?c1%20%20base:isContainedIn%20%20%20%20?c2%20.%0A%20%20%20%20%20%20%20%20?c2%20%20base:hasIdentifier%20%20%20%20?c2_id%20%3B%0A%20%20%20%20%20%20%20%20%20%20%20%20%20base:hasCanonicalName%20%20?c2_name%0A%20%20%20%20%20%20%7D%0A%20%20%20%20OPTIONAL%0A%20%20%20%20%20%20%7B%20?c1_mass_mag%20%20vim4:characterizes%20%20?c1%20%3B%0A%20%20%20%20%20%20%20%20%20%20%20%20%20%20%20%20%20%20vim4:hasDoubleNumber%20%20?c1_mass%0A%20%20%20%20%20%20%7D%0A%20%20%7D%0AORDER%20BY%20?c1_id%20?c2_id%0A
[2023-10-10 18:34:25] Fuseki     INFO  [135] Query = PREFIX  mission: <http://example.com/tutorial2/vocabulary/mission#> PREFIX  vim4: <http://bipm.org/jcgm/vim4#> PREFIX  base: <http://example.com/tutorial2/vocabulary/base#>  SELECT DISTINCT  ?c1_id ?c1_name ?c1_mass ?c2_id ?c2_name WHERE   { ?c1  a                     mission:Component ;          base:hasIdentifier    ?c1_id ;          base:hasCanonicalName  ?c1_name     OPTIONAL       { ?c1  base:isContainedIn    ?c2 .         ?c2  base:hasIdentifier    ?c2_id ;              base:hasCanonicalName  ?c2_name       }     OPTIONAL       { ?c1_mass_mag  vim4:characterizes  ?c1 ;                   vim4:hasDoubleNumber  ?c1_mass       }   } ORDER BY ?c1_id ?c2_id 
[2023-10-10 18:34:25] Fuseki     INFO  [134] 200 OK (6 ms)
[2023-10-10 18:34:25] Fuseki     INFO  [136] GET http://localhost:3030/tutorial2/sparql?query=PREFIX%20%20mission:%20%3Chttp://example.com/tutorial2/vocabulary/mission%23%3E%0APREFIX%20%20base:%20%3Chttp://example.com/tutorial2/vocabulary/base%23%3E%0A%0ASELECT%20DISTINCT%20%20?o1_id%20?o1_name%20?o2_id%20?o2_name%0AWHERE%0A%20%20%7B%20?o1%20%20%20a%20%20%20%20%20%20%20%20%20%20%20%20%20%20%20%20%20%20%20%20%20mission:Objective%20%3B%0A%20%20%20%20%20%20%20%20%20%20base:hasIdentifier%20%20%20%20?o1_id%20%3B%0A%20%20%20%20%20%20%20%20%20%20base:hasCanonicalName%20%20?o1_name%20%3B%0A%20%20%20%20%20%20%20%20%20%20base:aggregates%20%20%20%20%20%20%20_:b0%20.%0A%20%20%20%20_:b0%20%20base:hasIdentifier%20%20%20%20?o2_id%20%3B%0A%20%20%20%20%20%20%20%20%20%20base:hasCanonicalName%20%20?o2_name%0A%20%20%7D%0AORDER%20BY%20?o1_id%20?o2_id%0A
[2023-10-10 18:34:25] Fuseki     INFO  [137] GET http://localhost:3030/tutorial2/sparql?query=PREFIX%20%20mission:%20%3Chttp://example.com/tutorial2/vocabulary/mission%23%3E%0APREFIX%20%20base:%20%3Chttp://example.com/tutorial2/vocabulary/base%23%3E%0A%0ASELECT%20DISTINCT%20%20?c1_name%20?c2_name%0AWHERE%0A%20%20%7B%20?c1%20%20%20a%20%20%20%20%20%20%20%20%20%20%20%20%20%20%20%20%20%20%20%20%20mission:Component%20%3B%0A%20%20%20%20%20%20%20%20%20%20base:hasCanonicalName%20%20?c1_name%20%3B%0A%20%20%20%20%20%20%20%20%20%20mission:connectsTo%20%20%20%20_:b0%20.%0A%20%20%20%20_:b0%20%20base:hasCanonicalName%20%20?c2_name%0A%20%20%7D%0AORDER%20BY%20?c1_name%20?c2_name%0A
[2023-10-10 18:34:25] Fuseki     INFO  [137] Query = PREFIX  mission: <http://example.com/tutorial2/vocabulary/mission#> PREFIX  base: <http://example.com/tutorial2/vocabulary/base#>  SELECT DISTINCT  ?c1_name ?c2_name WHERE   { ?c1   a                     mission:Component ;           base:hasCanonicalName  ?c1_name ;           mission:connectsTo    _:b0 .     _:b0  base:hasCanonicalName  ?c2_name   } ORDER BY ?c1_name ?c2_name 
[2023-10-10 18:34:25] Fuseki     INFO  [136] Query = PREFIX  mission: <http://example.com/tutorial2/vocabulary/mission#> PREFIX  base: <http://example.com/tutorial2/vocabulary/base#>  SELECT DISTINCT  ?o1_id ?o1_name ?o2_id ?o2_name WHERE   { ?o1   a                     mission:Objective ;           base:hasIdentifier    ?o1_id ;           base:hasCanonicalName  ?o1_name ;           base:aggregates       _:b0 .     _:b0  base:hasIdentifier    ?o2_id ;           base:hasCanonicalName  ?o2_name   } ORDER BY ?o1_id ?o2_id 
[2023-10-10 18:34:25] Fuseki     INFO  [137] 200 OK (4 ms)
[2023-10-10 18:34:25] Fuseki     INFO  [136] 200 OK (6 ms)
[2023-10-10 18:34:25] Fuseki     INFO  [135] 200 OK (16 ms)
